<?xml version="1.0" encoding="UTF-8" ?>
<testsuite errors="0" failures="0" hostname="MacBookAir.lan" name="CompilerTest" skipped="0" tests="3" time="0.071" timestamp="2025-01-14T12:46:34">
  <properties>
[...]
</properties>
  <testcase classname="CompilerTest" name="testClass" time="0.002" />
  <testcase classname="CompilerTest" name="nasm" time="0.014" />
  <testcase classname="CompilerTest" name="hello" time="0.0" />
  <system-out><![CDATA[[-54, -2, -70, -66, 0, 0, 0, 61, 0, -127, 10, 0, 2, 0, 3, 7, 0, 4, 12, 0, 5, 0, 6, 1, 0, 16, 106, 97, 118, 97, 47, 108, 97, 110, 103, 47, 79, 98, 106, 101, 99, 116, 1, 0, 6, 60, 105, 110, 105, 116, 62, 1, 0, 3, 40, 41, 86, 9, 0, 8, 0, 9, 7, 0, 10, 12, 0, 11, 0, 12, 1, 0, 19, 106, 67, 80, 85, 47, 74, 97, 118, 97, 86, 77, 47, 118, 109, 47, 86, 109, 67, 80, 1, 0, 2, 99, 112, 1, 0, 19, 91, 76, 106, 97, 118, 97, 47, 108, 97, 110, 103, 47, 79, 98, 106, 101, 99, 116, 59, 9, 0, 8, 0, 14, 12, 0, 15, 0, 16, 1, 0, 4, 117, 115, 101, 100, 1, 0, 1, 73, 10, 0, 8, 0, 18, 12, 0, 19, 0, 20, 1, 0, 3, 103, 101, 116, 1, 0, 21, 40, 73, 41, 76, 106, 97, 118, 97, 47, 108, 97, 110, 103, 47, 79, 98, 106, 101, 99, 116, 59, 7, 0, 22, 1, 0, 16, 106, 97, 118, 97, 47, 108, 97, 110, 103, 47, 68, 111, 117, 98, 108, 101, 10, 0, 21, 0, 24, 12, 0, 25, 0, 26, 1, 0, 11, 100, 111, 117, 98, 108, 101, 86, 97, 108, 117, 101, 1, 0, 3, 40, 41, 68, 7, 0, 28, 1, 0, 16, 106, 97, 118, 97, 47, 108, 97, 110, 103, 47, 83, 116, 114, 105, 110, 103, 7, 0, 30, 1, 0, 28, 106, 67, 80, 85, 47, 74, 97, 118, 97, 86, 77, 47, 118, 109, 47, 86, 109, 67, 111, 110, 115, 116, 83, 116, 114, 105, 110, 103, 10, 0, 8, 0, 32, 12, 0, 33, 0, 34, 1, 0, 3, 115, 101, 116, 1, 0, 22, 40, 73, 76, 106, 97, 118, 97, 47, 108, 97, 110, 103, 47, 79, 98, 106, 101, 99, 116, 59, 41, 86, 7, 0, 36, 1, 0, 27, 106, 67, 80, 85, 47, 74, 97, 118, 97, 86, 77, 47, 118, 109, 47, 86, 109, 67, 111, 110, 115, 116, 67, 108, 97, 115, 115, 7, 0, 38, 1, 0, 30, 106, 67, 80, 85, 47, 74, 97, 118, 97, 86, 77, 47, 118, 109, 47, 86, 109, 67, 111, 110, 115, 116, 70, 105, 101, 108, 100, 82, 101, 102, 7, 0, 40, 1, 0, 31, 106, 67, 80, 85, 47, 74, 97, 118, 97, 86, 77, 47, 118, 109, 47, 86, 109, 67, 111, 110, 115, 116, 77, 101, 116, 104, 111, 100, 82, 101, 102, 7, 0, 42, 1, 0, 32, 106, 67, 80, 85, 47, 74, 97, 118, 97, 86, 77, 47, 118, 109, 47, 86, 109, 67, 111, 110, 115, 116, 73, 77, 101, 116, 104, 111, 100, 82, 101, 102, 10, 0, 2, 0, 44, 12, 0, 45, 0, 46, 1, 0, 6, 101, 113, 117, 97, 108, 115, 1, 0, 21, 40, 76, 106, 97, 118, 97, 47, 108, 97, 110, 103, 47, 79, 98, 106, 101, 99, 116, 59, 41, 90, 7, 0, 48, 1, 0, 30, 106, 97, 118, 97, 47, 108, 97, 110, 103, 47, 78, 117, 108, 108, 80, 111, 105, 110, 116, 101, 114, 69, 120, 99, 101, 112, 116, 105, 111, 110, 8, 0, 50, 1, 0, 22, 67, 97, 110, 110, 111, 116, 32, 115, 101, 116, 32, 97, 32, 110, 117, 108, 108, 32, 100, 97, 116, 97, 10, 0, 47, 0, 52, 12, 0, 5, 0, 53, 1, 0, 21, 40, 76, 106, 97, 118, 97, 47, 108, 97, 110, 103, 47, 83, 116, 114, 105, 110, 103, 59, 41, 86, 1, 0, 9, 84, 89, 80, 69, 95, 85, 84, 70, 56, 1, 0, 13, 67, 111, 110, 115, 116, 97, 110, 116, 86, 97, 108, 117, 101, 3, 0, 0, 0, 1, 1, 0, 8, 84, 89, 80, 69, 95, 73, 78, 84, 3, 0, 0, 0, 3, 1, 0, 10, 84, 89, 80, 69, 95, 70, 76, 79, 65, 84, 3, 0, 0, 0, 4, 1, 0, 9, 84, 89, 80, 69, 95, 76, 79, 78, 71, 3, 0, 0, 0, 5, 1, 0, 11, 84, 89, 80, 69, 95, 68, 79, 85, 66, 76, 69, 3, 0, 0, 0, 6, 1, 0, 13, 84, 89, 80, 69, 95, 67, 76, 65, 83, 83, 82, 69, 70, 3, 0, 0, 0, 7, 1, 0, 11, 84, 89, 80, 69, 95, 83, 84, 82, 73, 78, 71, 3, 0, 0, 0, 8, 1, 0, 13, 84, 89, 80, 69, 95, 70, 73, 69, 76, 68, 82, 69, 70, 3, 0, 0, 0, 9, 1, 0, 14, 84, 89, 80, 69, 95, 77, 69, 84, 72, 79, 68, 82, 69, 70, 3, 0, 0, 0, 10, 1, 0, 15, 84, 89, 80, 69, 95, 73, 77, 69, 84, 72, 79, 68, 82, 69, 70, 3, 0, 0, 0, 11, 1, 0, 16, 84, 89, 80, 69, 95, 78, 65, 77, 69, 65, 78, 68, 84, 89, 80, 69, 3, 0, 0, 0, 12, 1, 0, 4, 40, 73, 41, 86, 1, 0, 4, 67, 111, 100, 101, 1, 0, 15, 76, 105, 110, 101, 78, 117, 109, 98, 101, 114, 84, 97, 98, 108, 101, 1, 0, 18, 76, 111, 99, 97, 108, 86, 97, 114, 105, 97, 98, 108, 101, 84, 97, 98, 108, 101, 1, 0, 4, 116, 104, 105, 115, 1, 0, 21, 76, 106, 67, 80, 85, 47, 74, 97, 118, 97, 86, 77, 47, 118, 109, 47, 86, 109, 67, 80, 59, 1, 0, 5, 99, 111, 117, 110, 116, 1, 0, 9, 103, 101, 116, 76, 101, 110, 103, 116, 104, 1, 0, 3, 40, 41, 73, 1, 0, 9, 103, 101, 116, 68, 111, 117, 98, 108, 101, 1, 0, 4, 40, 73, 41, 68, 1, 0, 5, 105, 110, 100, 101, 120, 1, 0, 7, 103, 101, 116, 85, 84, 70, 56, 1, 0, 21, 40, 73, 41, 76, 106, 97, 118, 97, 47, 108, 97, 110, 103, 47, 83, 116, 114, 105, 110, 103, 59, 1, 0, 9, 103, 101, 116, 83, 116, 114, 105, 110, 103, 1, 0, 33, 40, 73, 41, 76, 106, 67, 80, 85, 47, 74, 97, 118, 97, 86, 77, 47, 118, 109, 47, 86, 109, 67, 111, 110, 115, 116, 83, 116, 114, 105, 110, 103, 59, 1, 0, 9, 115, 101, 116, 83, 116, 114, 105, 110, 103, 1, 0, 34, 40, 73, 76, 106, 67, 80, 85, 47, 74, 97, 118, 97, 86, 77, 47, 118, 109, 47, 86, 109, 67, 111, 110, 115, 116, 83, 116, 114, 105, 110, 103, 59, 41, 86, 1, 0, 5, 118, 97, 108, 117, 101, 1, 0, 30, 76, 106, 67, 80, 85, 47, 74, 97, 118, 97, 86, 77, 47, 118, 109, 47, 86, 109, 67, 111, 110, 115, 116, 83, 116, 114, 105, 110, 103, 59, 1, 0, 13, 103, 101, 116, 67, 111, 110, 115, 116, 67, 108, 97, 115, 115, 1, 0, 32, 40, 73, 41, 76, 106, 67, 80, 85, 47, 74, 97, 118, 97, 86, 77, 47, 118, 109, 47, 86, 109, 67, 111, 110, 115, 116, 67, 108, 97, 115, 115, 59, 1, 0, 13, 115, 101, 116, 67, 111, 110, 115, 116, 67, 108, 97, 115, 115, 1, 0, 33, 40, 73, 76, 106, 67, 80, 85, 47, 74, 97, 118, 97, 86, 77, 47, 118, 109, 47, 86, 109, 67, 111, 110, 115, 116, 67, 108, 97, 115, 115, 59, 41, 86, 1, 0, 29, 76, 106, 67, 80, 85, 47, 74, 97, 118, 97, 86, 77, 47, 118, 109, 47, 86, 109, 67, 111, 110, 115, 116, 67, 108, 97, 115, 115, 59, 1, 0, 16, 103, 101, 116, 67, 111, 110, 115, 116, 70, 105, 101, 108, 100, 82, 101, 102, 1, 0, 35, 40, 73, 41, 76, 106, 67, 80, 85, 47, 74, 97, 118, 97, 86, 77, 47, 118, 109, 47, 86, 109, 67, 111, 110, 115, 116, 70, 105, 101, 108, 100, 82, 101, 102, 59, 1, 0, 16, 115, 101, 116, 67, 111, 110, 115, 116, 70, 105, 101, 108, 100, 82, 101, 102, 1, 0, 36, 40, 73, 76, 106, 67, 80, 85, 47, 74, 97, 118, 97, 86, 77, 47, 118, 109, 47, 86, 109, 67, 111, 110, 115, 116, 70, 105, 101, 108, 100, 82, 101, 102, 59, 41, 86, 1, 0, 32, 76, 106, 67, 80, 85, 47, 74, 97, 118, 97, 86, 77, 47, 118, 109, 47, 86, 109, 67, 111, 110, 115, 116, 70, 105, 101, 108, 100, 82, 101, 102, 59, 1, 0, 17, 103, 101, 116, 67, 111, 110, 115, 116, 77, 101, 116, 104, 111, 100, 82, 101, 102, 1, 0, 36, 40, 73, 41, 76, 106, 67, 80, 85, 47, 74, 97, 118, 97, 86, 77, 47, 118, 109, 47, 86, 109, 67, 111, 110, 115, 116, 77, 101, 116, 104, 111, 100, 82, 101, 102, 59, 1, 0, 17, 115, 101, 116, 67, 111, 110, 115, 116, 77, 101, 116, 104, 111, 100, 82, 101, 102, 1, 0, 37, 40, 73, 76, 106, 67, 80, 85, 47, 74, 97, 118, 97, 86, 77, 47, 118, 109, 47, 86, 109, 67, 111, 110, 115, 116, 77, 101, 116, 104, 111, 100, 82, 101, 102, 59, 41, 86, 1, 0, 33, 76, 106, 67, 80, 85, 47, 74, 97, 118, 97, 86, 77, 47, 118, 109, 47, 86, 109, 67, 111, 110, 115, 116, 77, 101, 116, 104, 111, 100, 82, 101, 102, 59, 1, 0, 18, 103, 101, 116, 67, 111, 110, 115, 116, 73, 77, 101, 116, 104, 111, 100, 82, 101, 102, 1, 0, 37, 40, 73, 41, 76, 106, 67, 80, 85, 47, 74, 97, 118, 97, 86, 77, 47, 118, 109, 47, 86, 109, 67, 111, 110, 115, 116, 73, 77, 101, 116, 104, 111, 100, 82, 101, 102, 59, 1, 0, 18, 115, 101, 116, 67, 111, 110, 115, 116, 73, 77, 101, 116, 104, 111, 100, 82, 101, 102, 1, 0, 38, 40, 73, 76, 106, 67, 80, 85, 47, 74, 97, 118, 97, 86, 77, 47, 118, 109, 47, 86, 109, 67, 111, 110, 115, 116, 73, 77, 101, 116, 104, 111, 100, 82, 101, 102, 59, 41, 86, 1, 0, 34, 76, 106, 67, 80, 85, 47, 74, 97, 118, 97, 86, 77, 47, 118, 109, 47, 86, 109, 67, 111, 110, 115, 116, 73, 77, 101, 116, 104, 111, 100, 82, 101, 102, 59, 1, 0, 6, 103, 101, 116, 65, 110, 121, 1, 0, 7, 105, 110, 100, 101, 120, 79, 102, 1, 0, 21, 40, 76, 106, 97, 118, 97, 47, 108, 97, 110, 103, 47, 79, 98, 106, 101, 99, 116, 59, 41, 73, 1, 0, 1, 111, 1, 0, 18, 76, 106, 97, 118, 97, 47, 108, 97, 110, 103, 47, 79, 98, 106, 101, 99, 116, 59, 1, 0, 1, 105, 1, 0, 6, 111, 98, 106, 101, 99, 116, 1, 0, 13, 83, 116, 97, 99, 107, 77, 97, 112, 84, 97, 98, 108, 101, 1, 0, 4, 100, 97, 116, 97, 1, 0, 5, 114, 101, 115, 101, 116, 1, 0, 10, 83, 111, 117, 114, 99, 101, 70, 105, 108, 101, 1, 0, 9, 86, 109, 67, 80, 46, 106, 97, 118, 97, 0, 49, 0, 8, 0, 2, 0, 0, 0, 13, 0, 25, 0, 54, 0, 16, 0, 1, 0, 55, 0, 0, 0, 2, 0, 56, 0, 25, 0, 57, 0, 16, 0, 1, 0, 55, 0, 0, 0, 2, 0, 58, 0, 25, 0, 59, 0, 16, 0, 1, 0, 55, 0, 0, 0, 2, 0, 60, 0, 25, 0, 61, 0, 16, 0, 1, 0, 55, 0, 0, 0, 2, 0, 62, 0, 25, 0, 63, 0, 16, 0, 1, 0, 55, 0, 0, 0, 2, 0, 64, 0, 25, 0, 65, 0, 16, 0, 1, 0, 55, 0, 0, 0, 2, 0, 66, 0, 25, 0, 67, 0, 16, 0, 1, 0, 55, 0, 0, 0, 2, 0, 68, 0, 25, 0, 69, 0, 16, 0, 1, 0, 55, 0, 0, 0, 2, 0, 70, 0, 25, 0, 71, 0, 16, 0, 1, 0, 55, 0, 0, 0, 2, 0, 72, 0, 25, 0, 73, 0, 16, 0, 1, 0, 55, 0, 0, 0, 2, 0, 74, 0, 25, 0, 75, 0, 16, 0, 1, 0, 55, 0, 0, 0, 2, 0, 76, 0, 18, 0, 11, 0, 12, 0, 0, 0, 18, 0, 15, 0, 16, 0, 0, 0, 19, 0, 4, 0, 5, 0, 77, 0, 1, 0, 78, 0, 0, 0, 82, 0, 2, 0, 2, 0, 0, 0, 18, 42, -73, 0, 1, 42, 27, -67, 0, 2, -75, 0, 7, 42, 27, -75, 0, 13, -79, 0, 0, 0, 2, 0, 79, 0, 0, 0, 18, 0, 4, 0, 0, 0, 52, 0, 4, 0, 53, 0, 12, 0, 54, 0, 17, 0, 55, 0, 80, 0, 0, 0, 22, 0, 2, 0, 0, 0, 18, 0, 81, 0, 82, 0, 0, 0, 0, 0, 18, 0, 83, 0, 16, 0, 1, 0, 1, 0, 84, 0, 85, 0, 1, 0, 78, 0, 0, 0, 48, 0, 1, 0, 1, 0, 0, 0, 6, 42, -76, 0, 7, -66, -84, 0, 0, 0, 2, 0, 79, 0, 0, 0, 6, 0, 1, 0, 0, 0, 63, 0, 80, 0, 0, 0, 12, 0, 1, 0, 0, 0, 6, 0, 81, 0, 82, 0, 0, 0, 1, 0, 86, 0, 87, 0, 1, 0, 78, 0, 0, 0, 64, 0, 2, 0, 2, 0, 0, 0, 12, 42, 27, -74, 0, 17, -64, 0, 21, -74, 0, 23, -81, 0, 0, 0, 2, 0, 79, 0, 0, 0, 6, 0, 1, 0, 0, 0, -120, 0, 80, 0, 0, 0, 22, 0, 2, 0, 0, 0, 12, 0, 81, 0, 82, 0, 0, 0, 0, 0, 12, 0, 88, 0, 16, 0, 1, 0, 4, 0, 89, 0, 90, 0, 1, 0, 78, 0, 0, 0, 61, 0, 2, 0, 2, 0, 0, 0, 9, 42, 27, -74, 0, 17, -64, 0, 27, -80, 0, 0, 0, 2, 0, 79, 0, 0, 0, 6, 0, 1, 0, 0, 0, -106, 0, 80, 0, 0, 0, 22, 0, 2, 0, 0, 0, 9, 0, 81, 0, 82, 0, 0, 0, 0, 0, 9, 0, 88, 0, 16, 0, 1, 0, 1, 0, 91, 0, 92, 0, 1, 0, 78, 0, 0, 0, 61, 0, 2, 0, 2, 0, 0, 0, 9, 42, 27, -74, 0, 17, -64, 0, 29, -80, 0, 0, 0, 2, 0, 79, 0, 0, 0, 6, 0, 1, 0, 0, 0, -98, 0, 80, 0, 0, 0, 22, 0, 2, 0, 0, 0, 9, 0, 81, 0, 82, 0, 0, 0, 0, 0, 9, 0, 88, 0, 16, 0, 1, 0, 4, 0, 93, 0, 94, 0, 1, 0, 78, 0, 0, 0, 73, 0, 3, 0, 3, 0, 0, 0, 7, 42, 27, 44, -74, 0, 31, -79, 0, 0, 0, 2, 0, 79, 0, 0, 0, 10, 0, 2, 0, 0, 0, -94, 0, 6, 0, -93, 0, 80, 0, 0, 0, 32, 0, 3, 0, 0, 0, 7, 0, 81, 0, 82, 0, 0, 0, 0, 0, 7, 0, 88, 0, 16, 0, 1, 0, 0, 0, 7, 0, 95, 0, 96, 0, 2, 0, 1, 0, 97, 0, 98, 0, 1, 0, 78, 0, 0, 0, 61, 0, 2, 0, 2, 0, 0, 0, 9, 42, 27, -74, 0, 17, -64, 0, 35, -80, 0, 0, 0, 2, 0, 79, 0, 0, 0, 6, 0, 1, 0, 0, 0, -90, 0, 80, 0, 0, 0, 22, 0, 2, 0, 0, 0, 9, 0, 81, 0, 82, 0, 0, 0, 0, 0, 9, 0, 88, 0, 16, 0, 1, 0, 4, 0, 99, 0, 100, 0, 1, 0, 78, 0, 0, 0, 73, 0, 3, 0, 3, 0, 0, 0, 7, 42, 27, 44, -74, 0, 31, -79, 0, 0, 0, 2, 0, 79, 0, 0, 0, 10, 0, 2, 0, 0, 0, -86, 0, 6, 0, -85, 0, 80, 0, 0, 0, 32, 0, 3, 0, 0, 0, 7, 0, 81, 0, 82, 0, 0, 0, 0, 0, 7, 0, 88, 0, 16, 0, 1, 0, 0, 0, 7, 0, 95, 0, 101, 0, 2, 0, 1, 0, 102, 0, 103, 0, 1, 0, 78, 0, 0, 0, 61, 0, 2, 0, 2, 0, 0, 0, 9, 42, 27, -74, 0, 17, -64, 0, 37, -80, 0, 0, 0, 2, 0, 79, 0, 0, 0, 6, 0, 1, 0, 0, 0, -82, 0, 80, 0, 0, 0, 22, 0, 2, 0, 0, 0, 9, 0, 81, 0, 82, 0, 0, 0, 0, 0, 9, 0, 88, 0, 16, 0, 1, 0, 4, 0, 104, 0, 105, 0, 1, 0, 78, 0, 0, 0, 73, 0, 3, 0, 3, 0, 0, 0, 7, 42, 27, 44, -74, 0, 31, -79, 0, 0, 0, 2, 0, 79, 0, 0, 0, 10, 0, 2, 0, 0, 0, -78, 0, 6, 0, -77, 0, 80, 0, 0, 0, 32, 0, 3, 0, 0, 0, 7, 0, 81, 0, 82, 0, 0, 0, 0, 0, 7, 0, 88, 0, 16, 0, 1, 0, 0, 0, 7, 0, 95, 0, 106, 0, 2, 0, 1, 0, 107, 0, 108, 0, 1, 0, 78, 0, 0, 0, 61, 0, 2, 0, 2, 0, 0, 0, 9, 42, 27, -74, 0, 17, -64, 0, 39, -80, 0, 0, 0, 2, 0, 79, 0, 0, 0, 6, 0, 1, 0, 0, 0, -74, 0, 80, 0, 0, 0, 22, 0, 2, 0, 0, 0, 9, 0, 81, 0, 82, 0, 0, 0, 0, 0, 9, 0, 88, 0, 16, 0, 1, 0, 4, 0, 109, 0, 110, 0, 1, 0, 78, 0, 0, 0, 73, 0, 3, 0, 3, 0, 0, 0, 7, 42, 27, 44, -74, 0, 31, -79, 0, 0, 0, 2, 0, 79, 0, 0, 0, 10, 0, 2, 0, 0, 0, -70, 0, 6, 0, -69, 0, 80, 0, 0, 0, 32, 0, 3, 0, 0, 0, 7, 0, 81, 0, 82, 0, 0, 0, 0, 0, 7, 0, 88, 0, 16, 0, 1, 0, 0, 0, 7, 0, 95, 0, 111, 0, 2, 0, 1, 0, 112, 0, 113, 0, 1, 0, 78, 0, 0, 0, 61, 0, 2, 0, 2, 0, 0, 0, 9, 42, 27, -74, 0, 17, -64, 0, 41, -80, 0, 0, 0, 2, 0, 79, 0, 0, 0, 6, 0, 1, 0, 0, 0, -66, 0, 80, 0, 0, 0, 22, 0, 2, 0, 0, 0, 9, 0, 81, 0, 82, 0, 0, 0, 0, 0, 9, 0, 88, 0, 16, 0, 1, 0, 4, 0, 114, 0, 115, 0, 1, 0, 78, 0, 0, 0, 73, 0, 3, 0, 3, 0, 0, 0, 7, 42, 27, 44, -74, 0, 31, -79, 0, 0, 0, 2, 0, 79, 0, 0, 0, 10, 0, 2, 0, 0, 0, -62, 0, 6, 0, -61, 0, 80, 0, 0, 0, 32, 0, 3, 0, 0, 0, 7, 0, 81, 0, 82, 0, 0, 0, 0, 0, 7, 0, 88, 0, 16, 0, 1, 0, 0, 0, 7, 0, 95, 0, 116, 0, 2, 0, 17, 0, 117, 0, 20, 0, 1, 0, 78, 0, 0, 0, 58, 0, 2, 0, 2, 0, 0, 0, 6, 42, 27, -74, 0, 17, -80, 0, 0, 0, 2, 0, 79, 0, 0, 0, 6, 0, 1, 0, 0, 0, -58, 0, 80, 0, 0, 0, 22, 0, 2, 0, 0, 0, 6, 0, 81, 0, 82, 0, 0, 0, 0, 0, 6, 0, 88, 0, 16, 0, 1, 0, 17, 0, 118, 0, 119, 0, 1, 0, 78, 0, 0, 0, -109, 0, 2, 0, 4, 0, 0, 0, 39, 3, 61, 28, 42, -76, 0, 13, -94, 0, 30, 42, -76, 0, 7, 28, 50, 78, 45, -58, 0, 13, 45, 43, -74, 0, 43, -103, 0, 5, 28, -84, -124, 2, 1, -89, -1, -32, 2, -84, 0, 0, 0, 3, 0, 79, 0, 0, 0, 26, 0, 6, 0, 0, 0, -48, 0, 10, 0, -47, 0, 17, 0, -46, 0, 29, 0, -45, 0, 31, 0, -48, 0, 37, 0, -42, 0, 80, 0, 0, 0, 42, 0, 4, 0, 17, 0, 14, 0, 120, 0, 121, 0, 3, 0, 2, 0, 35, 0, 122, 0, 16, 0, 2, 0, 0, 0, 39, 0, 81, 0, 82, 0, 0, 0, 0, 0, 39, 0, 123, 0, 121, 0, 1, 0, 124, 0, 0, 0, 10, 0, 3, -4, 0, 2, 1, 28, -6, 0, 5, 0, 2, 0, 19, 0, 20, 0, 1, 0, 78, 0, 0, 0, 59, 0, 2, 0, 2, 0, 0, 0, 7, 42, -76, 0, 7, 27, 50, -80, 0, 0, 0, 2, 0, 79, 0, 0, 0, 6, 0, 1, 0, 0, 0, -32, 0, 80, 0, 0, 0, 22, 0, 2, 0, 0, 0, 7, 0, 81, 0, 82, 0, 0, 0, 0, 0, 7, 0, 88, 0, 16, 0, 1, 0, 2, 0, 33, 0, 34, 0, 1, 0, 78, 0, 0, 0, 105, 0, 3, 0, 3, 0, 0, 0, 22, 44, -57, 0, 13, -69, 0, 47, 89, 18, 49, -73, 0, 51, -65, 42, -76, 0, 7, 27, 44, 83, -79, 0, 0, 0, 3, 0, 79, 0, 0, 0, 18, 0, 4, 0, 0, 0, -22, 0, 4, 0, -21, 0, 14, 0, -18, 0, 21, 0, -17, 0, 80, 0, 0, 0, 32, 0, 3, 0, 0, 0, 22, 0, 81, 0, 82, 0, 0, 0, 0, 0, 22, 0, 88, 0, 16, 0, 1, 0, 0, 0, 22, 0, 125, 0, 121, 0, 2, 0, 124, 0, 0, 0, 3, 0, 1, 14, 0, 16, 0, 126, 0, 77, 0, 1, 0, 78, 0, 0, 0, 64, 0, 3, 0, 2, 0, 0, 0, 8, 42, -76, 0, 7, 27, 1, 83, -79, 0, 0, 0, 2, 0, 79, 0, 0, 0, 10, 0, 2, 0, 0, 0, -14, 0, 7, 0, -13, 0, 80, 0, 0, 0, 22, 0, 2, 0, 0, 0, 8, 0, 81, 0, 82, 0, 0, 0, 0, 0, 8, 0, 88, 0, 16, 0, 1, 0, 1, 0, 127, 0, 0, 0, 2, 0, -128]
{
    "code": [
        {"define": "ENTRY(x) type:x,@function ;globl:x ; x:label"},
        {"define": "DATA32  data:32,"},
        {"define": "CR0_PE_ON  0x1"},
        {"define": "CR0_PE_OFF 0xfffffffe"},
        {"define": "KERNEL_DS 0x18"},
        {"define": "KERNEL_16_DS 0x28"},
        {"define": "KERNEL_CS 0x10"},
        {"define": "KERNEL_16_CS 0x20"},
        {"define": "REALCODE  0x9000"},
        {"define": "STACKOFF  0x8000"},
        {"define": "SCRATCHMEM 0x7000"},
        {"define": "OTHERMEM  0x6000"},
        {"if": "0"},
        {"define": "WRITE(c) mov $0x3fd,%dx ; 123:in (%dx),%al ; and $0x20,%ax ; je 123b ; mov $0x3f8,%dx ; mov $c,%al ; out %al,(%dx)"},
        {"endif": "lable"},
        {"define": "WRITE(c)"},
        "text",
        {"p2align": "2  , 0x90 ; type:_start  ,@function ; globl:_start ; _start:label"},
        "code16",
        {"type": "ENTRY(real_to_prot)"},
        "cli",
        {"type": " WRITE('0')"},
        {"comment": "17"},
        {"comment": "18"},
        {"comment": "19"},
        {"movl": "%cr0, %eax"},
        {"orl": "$CR0_PE_ON, %eax"},
        {"movl": "%eax, %cr0"},
        {"type": " WRITE('1')"},
        {"comment": "20"},
        {"DATA32 ljmp": "$KERNEL_CS, $protcseg"},
        "code32",
        {"protcseg": "label"},
        {"comment": "21"},
        {"movw": "$KERNEL_DS, %ax"},
        {"movw": "%ax, %ds"},
        {"movw": "%ax, %es"},
        {"movw": "%ax, %fs"},
        {"movw": "%ax, %gs"},
        {"movw": "%ax, %ss"},
        {"type": " WRITE('2')"},
        {"comment": "22"},
        {"movl": "(%esp), %eax"},
        {"movl": "%eax, STACKOFF"},
        {"comment": "23"},
        {"movl": "protstack, %eax"},
        {"movl": "%eax, %esp"},
        {"movl": "%eax, %ebp"},
        {"comment": "24"},
        {"movl": "STACKOFF, %eax"},
        {"movl": "%eax, (%esp)"},
        {"comment": "25"},
        {"xorl": "%eax, %eax"},
        {"comment": "26"},
        "ret",
        "code32",
        {"prot_to_real": "label"},
        {"comment": "27"},
        {"movl": "%esp, %eax"},
        {"movl": "%eax, protstack"},
        {"comment": "28"},
        {"movl": "(%esp), %eax"},
        {"movl": "%eax, STACKOFF"},
        {"comment": "29"},
        {"movl": "$STACKOFF, %eax"},
        {"movl": "%eax, %esp"},
        {"movl": "%eax, %ebp"},
        {"comment": "30"},
        {"movw": "$KERNEL_16_DS, %ax"},
        {"movw": "%ax, %ds"},
        {"movw": "%ax, %es"},
        {"movw": "%ax, %fs"},
        {"movw": "%ax, %gs"},
        {"movw": "%ax, %ss"},
        {"comment": "31"},
        {"ljmp": "$KERNEL_16_CS, $tmpcseg "},
        {"comment": "32"},
        {"tmpcseg": "label"},
        "code16",
        {"comment": "33"},
        {"movl": "%cr0, %eax"},
        {"andl": "$CR0_PE_OFF, %eax"},
        {"movl": "%eax, %cr0"},
        {"comment": "34"},
        {"DATA32 ljmp": "$0, $realcseg"},
        {"realcseg": "label"},
        {"comment": "35"},
        {"comment": "36"},
        {"xorl": "%eax, %eax"},
        {"movw": "%ax, %ds"},
        {"movw": "%ax, %es"},
        {"movw": "%ax, %fs"},
        {"movw": "%ax, %gs"},
        {"movw": "%ax, %ss"},
        {"if": "ALLOW_IRQ"},
        {"comment": "38"},
        "sti",
        {"endif": "lable"},
        {"comment": "40"},
        {"type": " DATA32 ret"},
        {"comment": "41"},
        "code32",
        {"type": "ENTRY(vesa2_detect)"},
        {"pushl": " %ebp"},
        {"pushl": " %ebx"},
        {"pushl": " %edi"},
        {"type": " WRITE('N')"},
        {"movl": "%esp, %ebp"},
        {"comment": "42"},
        {"movl": "$SCRATCHMEM, %ebx"},
        {"shrl": "$4, %ebx"},
        {"comment": "43"},
        {"call": " prot_to_real"},
        "code16",
        {"type": " WRITE('M')"},
        {"comment": "44"},
        {"movw": "%bx, %es"},
        {"xorw": "%di, %di"},
        {"movw": "$0x4F00, %ax"},
        {"int": "$0x10"},
        {"movw": "%ax, %bx"},
        {"type": " WRITE('L')"},
        {"comment": "45"},
        {"DATA32 call": "real_to_prot"},
        "code32",
        {"type": " WRITE('K')"},
        {"movl": "$1, %eax"},
        {"comment": "46"},
        {"cmpb": "$0x4F, %bl"},
        {"jne": "1f"},
        {"type": " WRITE('1')"},
        {"comment": "47"},
        {"cmpw": "$0x200, (SCRATCHMEM)"},
        {"jl": " 1f"},
        {"comment": "48"},
        {"xorl": "%eax, %eax"},
        {"1": "label"},
        {"type": " WRITE('0')"},
        {"popl": "%edi"},
        {"popl": "%ebx"},
        {"popl": "%ebp"},
        "ret",
        {"type": "ENTRY(testreal)"},
        {"pushl": " %ebp"},
        {"pushl": " %ebx"},
        {"pushl": " %edi"},
        {"movl": "%esp, %ebp"},
        {"type": " WRITE('N')"},
        {"comment": "49"},
        {"call": " prot_to_real"},
        "code16",
        {"type": " WRITE('M')"},
        {"comment": "50"},
        {"DATA32 call": "real_to_prot"},
        "code32",
        {"type": " WRITE('L')"},
        {"1": "popl %edi"},
        {"popl": "%ebx"},
        {"popl": "%ebp"},
        "ret",
        {"comment": "51"},
        {"type": "ENTRY(vesa2_get_mode_info)"},
        {"pushl": " %ebp"},
        {"movl": "%esp, %ebp"},
        {"pushl": " %ebx"},
        {"pushl": " %edi"},
        {"comment": "52"},
        {"movl": "12(%ebp), %ebx"},
        {"movl": "%ebx, %edi"},
        {"shrl": "$4, %ebx"},
        {"andl": "$0xFFFF, %edi"},
        {"comment": "53"},
        {"movl": "8(%ebp), %ecx"},
        {"comment": "54"},
        {"call": " prot_to_real"},
        "code16",
        {"comment": "55"},
        {"comment": "56"},
        {"movw": "$0, %ax"},
        {"movw": "%ax, %es"},
        {"comment": "57"},
        {"movw": "$0x6000, %ax"},
        {"movw": "%ax, %di"},
        {"comment": "58"},
        {"movw": "$0x4f01, %ax"},
        {"int": "$0x10"},
        {"movw": "%ax, %bx"},
        {"comment": "59"},
        {"DATA32 call": "real_to_prot"},
        "code32",
        {"movl": "$1, %eax"},
        {"comment": "60"},
        {"cmpw": "$0x004F, %bx"},
        {"jne": "1f"},
        {"comment": "61"},
        {"xorl": "%eax, %eax"},
        {"1": "popl %edi"},
        {"popl": "%ebx"},
        {"popl": "%ebp"},
        "ret",
        {"comment": "62"},
        {"type": "ENTRY(vesa2_set_mode)"},
        {"pushl": " %ebp"},
        {"movl": "%esp, %ebp"},
        {"pushl": " %ebx"},
        {"movl": "8(%ebp), %ebx"},
        {"comment": "63"},
        {"call": " prot_to_real"},
        "code16",
        {"comment": "64"},
        {"movw": "$0x4F02, %ax"},
        {"int": "$0x10"},
        {"movw": "%ax, %bx"},
        {"comment": "65"},
        {"DATA32 call": " real_to_prot"},
        "code32",
        {"movl": "$1, %eax"},
        {"comment": "66"},
        {"cmpw": "$0x004F, %bx"},
        {"jne": "1f"},
        {"xorl": "%eax, %eax"},
        {"1": "popl %ebx"},
        {"popl": "%ebp"},
        "ret",
        {"p2align": "2 "},
        {"comment": "67"},
        {"comment": "68"},
        {"protstack": "label"},
        {"long": "0"},
        {"comment": "69"},
        {"p2align": "2 "},
        {"comment": "70"},
        {"gdt": "label"},
        {"word": "0, 0"},
        {"byte": "0, 0, 0, 0"},
        {"comment": "71"},
        {"word": "0xFFFF, 0"},
        {"byte": "0, 0x9A, 0xCF, 0"},
        {"comment": "72"},
        {"word": "0xFFFF, 0"},
        {"byte": "0, 0x92, 0xCF, 0"},
        {"comment": "73"},
        {"word": "0xFFFF, 0"},
        {"byte": "0, 0x9E, 0, 0"},
        {"comment": "74"},
        {"word": "0xFFFF, 0"},
        {"byte": "0, 0x92, 0, 0"},
        {"comment": "75"},
        {"gdtdesc": "label"},
        {"word": "0x27 "},
        {"comment": "76"},
        {"long": "gdt  "},
        {"comment": "77"}
    ],
    "language": "S"
}
]]></system-out>
  <system-err><![CDATA[]]></system-err>
</testsuite>
